<?xml version="1.0" encoding="UTF-8" ?>
<testsuite tests="3" failures="1" name="com.telekom.gis.psa.itest.measures.MyMeasuresTest" time="50.209" errors="0" skipped="0">
  <properties>
[...]
</properties>
  <testcase classname="com.telekom.gis.psa.itest.measures.MyMeasuresTest" name="testSystemMeasureRetrieval" time="23.259">
    <failure message="
Expected: every item is hasProperty(&quot;assignee&quot;, hasProperty(&quot;email&quot;, one of {&quot;testuser05@mms-dresden.de&quot;, &quot;bernd.benutzer@itest.de&quot;}))
     but: an item property &apos;assignee&apos; property &apos;email&apos; was null" type="java.lang.AssertionError">java.lang.AssertionError: 
Expected: every item is hasProperty(&quot;assignee&quot;, hasProperty(&quot;email&quot;, one of {&quot;testuser05@mms-dresden.de&quot;, &quot;bernd.benutzer@itest.de&quot;}))
     but: an item property &apos;assignee&apos; property &apos;email&apos; was null
	at org.hamcrest.MatcherAssert.assertThat(MatcherAssert.java:20)
	at org.hamcrest.MatcherAssert.assertThat(MatcherAssert.java:8)
	at com.telekom.gis.psa.itest.measures.MyMeasuresTest.checkMeasures(MyMeasuresTest.java:356)
	at com.telekom.gis.psa.itest.measures.MyMeasuresTest.testSystemMeasureRetrieval(MyMeasuresTest.java:134)
	at sun.reflect.NativeMethodAccessorImpl.invoke0(Native Method)
	at sun.reflect.NativeMethodAccessorImpl.invoke(NativeMethodAccessorImpl.java:62)
	at sun.reflect.DelegatingMethodAccessorImpl.invoke(DelegatingMethodAccessorImpl.java:43)
	at java.lang.reflect.Method.invoke(Method.java:498)
	at org.junit.runners.model.FrameworkMethod$1.runReflectiveCall(FrameworkMethod.java:47)
	at org.junit.internal.runners.model.ReflectiveCallable.run(ReflectiveCallable.java:12)
	at org.junit.runners.model.FrameworkMethod.invokeExplosively(FrameworkMethod.java:44)
	at org.junit.internal.runners.statements.InvokeMethod.evaluate(InvokeMethod.java:17)
	at org.junit.internal.runners.statements.RunBefores.evaluate(RunBefores.java:26)
	at org.springframework.test.context.junit4.statements.RunBeforeTestMethodCallbacks.evaluate(RunBeforeTestMethodCallbacks.java:74)
	at org.junit.internal.runners.statements.RunAfters.evaluate(RunAfters.java:27)
	at org.springframework.test.context.junit4.statements.RunAfterTestMethodCallbacks.evaluate(RunAfterTestMethodCallbacks.java:82)
	at org.springframework.test.context.junit4.statements.SpringRepeat.evaluate(SpringRepeat.java:72)
	at org.springframework.test.context.junit4.SpringJUnit4ClassRunner.runChild(SpringJUnit4ClassRunner.java:240)
	at org.junit.runners.BlockJUnit4ClassRunner.runChild(BlockJUnit4ClassRunner.java:50)
	at org.junit.runners.ParentRunner$3.run(ParentRunner.java:238)
	at org.junit.runners.ParentRunner$1.schedule(ParentRunner.java:63)
	at org.junit.runners.ParentRunner.runChildren(ParentRunner.java:236)
	at org.junit.runners.ParentRunner.access$000(ParentRunner.java:53)
	at org.junit.runners.ParentRunner$2.evaluate(ParentRunner.java:229)
	at org.junit.internal.runners.statements.RunBefores.evaluate(RunBefores.java:26)
	at org.springframework.test.context.junit4.statements.RunBeforeTestClassCallbacks.evaluate(RunBeforeTestClassCallbacks.java:61)
	at org.junit.internal.runners.statements.RunAfters.evaluate(RunAfters.java:27)
	at org.springframework.test.context.junit4.statements.RunAfterTestClassCallbacks.evaluate(RunAfterTestClassCallbacks.java:70)
	at org.junit.runners.ParentRunner.run(ParentRunner.java:309)
	at org.springframework.test.context.junit4.SpringJUnit4ClassRunner.run(SpringJUnit4ClassRunner.java:180)
	at org.apache.maven.surefire.junit4.JUnit4Provider.execute(JUnit4Provider.java:252)
	at org.apache.maven.surefire.junit4.JUnit4Provider.executeTestSet(JUnit4Provider.java:141)
	at org.apache.maven.surefire.junit4.JUnit4Provider.invoke(JUnit4Provider.java:112)
	at sun.reflect.NativeMethodAccessorImpl.invoke0(Native Method)
	at sun.reflect.NativeMethodAccessorImpl.invoke(NativeMethodAccessorImpl.java:62)
	at sun.reflect.DelegatingMethodAccessorImpl.invoke(DelegatingMethodAccessorImpl.java:43)
	at java.lang.reflect.Method.invoke(Method.java:498)
	at org.apache.maven.surefire.util.ReflectionUtils.invokeMethodWithArray(ReflectionUtils.java:189)
	at org.apache.maven.surefire.booter.ProviderFactory$ProviderProxy.invoke(ProviderFactory.java:165)
	at org.apache.maven.surefire.booter.ProviderFactory.invokeProvider(ProviderFactory.java:85)
	at org.apache.maven.surefire.booter.ForkedBooter.runSuitesInProcess(ForkedBooter.java:115)
	at org.apache.maven.surefire.booter.ForkedBooter.main(ForkedBooter.java:75)
</failure>
    <system-out>11.01.2018 14:47:46 UTC INFO TestLoggingListener - COMPLETED .measurereport.MailAttachmentTest
11.01.2018 14:47:46 UTC INFO TestLoggingListener - INIT .measures.MyMeasuresTest
11.01.2018 14:47:46 UTC INFO ResetDatabaseService - Resetting PSA test database to latest snapshot.
11.01.2018 14:47:55 UTC INFO TestLoggingListener - BEFORE .measures.MyMeasuresTest#testSystemMeasureRetrieval
11.01.2018 14:48:09 UTC INFO TestLoggingListener - AFTER .measures.MyMeasuresTest#testSystemMeasureRetrieval
</system-out>
  </testcase>
  <testcase classname="com.telekom.gis.psa.itest.measures.MyMeasuresTest" name="testPrivacyMeasures" time="21.433"/>
  <testcase classname="com.telekom.gis.psa.itest.measures.MyMeasuresTest" name="testAcceptedSocMeasuresAreNotVisible" time="5.517"/>
</testsuite>